<?xml version="1.0" encoding="UTF-8"?>
<!-- Generated by org.testng.reporters.JUnitXMLReporter -->
<testsuite ignored="4" hostname="DESKTOP-DPP3R90" failures="1" tests="1" name="Test" time="0.093" errors="0" timestamp="2021-02-07T21:03:44 EST">
  <testcase classname="testNG.AssertionConcept" name="submitBtnEnable" time="0.024">
    <failure type="java.lang.NullPointerException" message="Cannot invoke &amp;quot;org.openqa.selenium.WebDriver.findElement(org.openqa.selenium.By)&amp;quot; because &amp;quot;this.driver&amp;quot; is null">
      <![CDATA[java.lang.NullPointerException: Cannot invoke "org.openqa.selenium.WebDriver.findElement(org.openqa.selenium.By)" because "this.driver" is null
at testNG.AssertionConcept.submitBtnEnable(AssertionConcept.java:99)
at java.base/java.util.ArrayList.forEach(ArrayList.java:1511)
... Removed 27 stack frames]]>
    </failure>
  </testcase> <!-- submitBtnEnable -->
  <testcase classname="testNG.AssertionConcept" name="clickSignOnLink" time="0.0">
    <ignored/>
  </testcase> <!-- clickSignOnLink -->
  <testcase classname="testNG.AssertionConcept" name="clickSupportLink" time="0.0">
    <ignored/>
  </testcase> <!-- clickSupportLink -->
  <testcase classname="testNG.AssertionConcept" name="clickRegisterLink" time="0.0">
    <ignored/>
  </testcase> <!-- clickRegisterLink -->
  <testcase classname="testNG.AssertionConcept" name="submitBtnEnableAfterCredentials" time="0.0">
    <ignored/>
  </testcase> <!-- submitBtnEnableAfterCredentials -->
</testsuite> <!-- Test -->
